<?xml version="1.0" encoding="UTF-8"?>
<testng-results ignored="12" total="17" passed="5" failed="0" skipped="0">
  <reporter-output>
  </reporter-output>
  <suite started-at="2024-12-18T15:56:59 IST" name="Suite" finished-at="2024-12-18T15:58:44 IST" duration-ms="105408">
    <groups>
      <group name="Regression">
        <method signature="CreateOrganizationTest.createOrganizationTest()[pri:0, instance:Organization.CreateOrganizationTest@59662a0b]" name="createOrganizationTest" class="Organization.CreateOrganizationTest"/>
      </group> <!-- Regression -->
      <group name="smoke">
        <method signature="CreateCampaignWithProductTest.createCampaignWithProductTest()[pri:0, instance:Campaign.CreateCampaignWithProductTest@1b7cc17c]" name="createCampaignWithProductTest" class="Campaign.CreateCampaignWithProductTest"/>
      </group> <!-- smoke -->
      <group name="sanity">
        <method signature="CreateProductTest.createProductTest()[pri:0, instance:Product.CreateProductTest@5c33f1a9]" name="createProductTest" class="Product.CreateProductTest"/>
      </group> <!-- sanity -->
    </groups>
    <test started-at="2024-12-18T15:56:59 IST" name="Test" finished-at="2024-12-18T15:58:44 IST" duration-ms="105408">
      <class name="Campaign.CreateCampaignTest">
        <test-method is-config="true" signature="bc()[pri:0, instance:Campaign.CreateCampaignTest@4efbca5a]" started-at="2024-12-18T15:57:26 IST" name="bc" finished-at="2024-12-18T15:57:28 IST" duration-ms="1177" status="PASS">
          <reporter-output>
          </reporter-output>
        </test-method> <!-- bc -->
        <test-method is-config="true" signature="bm()[pri:0, instance:Campaign.CreateCampaignTest@4efbca5a]" started-at="2024-12-18T15:57:28 IST" name="bm" finished-at="2024-12-18T15:57:32 IST" duration-ms="4519" status="PASS">
          <reporter-output>
          </reporter-output>
        </test-method> <!-- bm -->
        <test-method signature="createCampaignTest()[pri:0, instance:Campaign.CreateCampaignTest@4efbca5a]" started-at="2024-12-18T15:57:32 IST" name="createCampaignTest" finished-at="2024-12-18T15:57:45 IST" duration-ms="12583" status="PASS">
          <reporter-output>
          </reporter-output>
        </test-method> <!-- createCampaignTest -->
        <test-method is-config="true" signature="am()[pri:0, instance:Campaign.CreateCampaignTest@4efbca5a]" started-at="2024-12-18T15:57:45 IST" name="am" finished-at="2024-12-18T15:57:46 IST" duration-ms="1523" status="PASS">
          <reporter-output>
          </reporter-output>
        </test-method> <!-- am -->
        <test-method is-config="true" signature="bm()[pri:0, instance:Campaign.CreateCampaignTest@4efbca5a]" started-at="2024-12-18T15:57:46 IST" name="bm" finished-at="2024-12-18T15:57:50 IST" duration-ms="3379" status="PASS">
          <reporter-output>
          </reporter-output>
        </test-method> <!-- bm -->
        <test-method signature="m2()[pri:0, instance:Campaign.CreateCampaignTest@4efbca5a]" started-at="2024-12-18T15:57:50 IST" name="m2" finished-at="2024-12-18T15:57:50 IST" duration-ms="4" status="PASS">
          <reporter-output>
          </reporter-output>
        </test-method> <!-- m2 -->
        <test-method is-config="true" signature="am()[pri:0, instance:Campaign.CreateCampaignTest@4efbca5a]" started-at="2024-12-18T15:57:50 IST" name="am" finished-at="2024-12-18T15:57:54 IST" duration-ms="4055" status="PASS">
          <reporter-output>
          </reporter-output>
        </test-method> <!-- am -->
        <test-method is-config="true" signature="ac()[pri:0, instance:Campaign.CreateCampaignTest@4efbca5a]" started-at="2024-12-18T15:57:54 IST" name="ac" finished-at="2024-12-18T15:57:54 IST" duration-ms="193" status="PASS">
          <reporter-output>
          </reporter-output>
        </test-method> <!-- ac -->
      </class> <!-- Campaign.CreateCampaignTest -->
      <class name="Campaign.CreateCampaignWithProductTest">
        <test-method is-config="true" signature="bc()[pri:0, instance:Campaign.CreateCampaignWithProductTest@1b7cc17c]" started-at="2024-12-18T15:57:54 IST" name="bc" finished-at="2024-12-18T15:57:55 IST" duration-ms="1256" status="PASS">
          <reporter-output>
          </reporter-output>
        </test-method> <!-- bc -->
        <test-method is-config="true" signature="bm()[pri:0, instance:Campaign.CreateCampaignWithProductTest@1b7cc17c]" started-at="2024-12-18T15:57:55 IST" name="bm" finished-at="2024-12-18T15:57:59 IST" duration-ms="4040" status="PASS">
          <reporter-output>
          </reporter-output>
        </test-method> <!-- bm -->
        <test-method signature="createCampaignWithProductTest()[pri:0, instance:Campaign.CreateCampaignWithProductTest@1b7cc17c]" started-at="2024-12-18T15:57:59 IST" name="createCampaignWithProductTest" finished-at="2024-12-18T15:58:22 IST" duration-ms="22889" status="PASS">
          <reporter-output>
          </reporter-output>
        </test-method> <!-- createCampaignWithProductTest -->
        <test-method is-config="true" signature="am()[pri:0, instance:Campaign.CreateCampaignWithProductTest@1b7cc17c]" started-at="2024-12-18T15:58:22 IST" name="am" finished-at="2024-12-18T15:58:24 IST" duration-ms="1664" status="PASS">
          <reporter-output>
          </reporter-output>
        </test-method> <!-- am -->
        <test-method is-config="true" signature="ac()[pri:0, instance:Campaign.CreateCampaignWithProductTest@1b7cc17c]" started-at="2024-12-18T15:58:24 IST" name="ac" finished-at="2024-12-18T15:58:24 IST" duration-ms="206" status="PASS">
          <reporter-output>
          </reporter-output>
        </test-method> <!-- ac -->
      </class> <!-- Campaign.CreateCampaignWithProductTest -->
      <class name="Organization.CreateOrganizationTest">
        <test-method is-config="true" signature="bc()[pri:0, instance:Organization.CreateOrganizationTest@59662a0b]" started-at="2024-12-18T15:58:24 IST" name="bc" finished-at="2024-12-18T15:58:25 IST" duration-ms="1344" status="PASS">
          <reporter-output>
          </reporter-output>
        </test-method> <!-- bc -->
        <test-method is-config="true" signature="bm()[pri:0, instance:Organization.CreateOrganizationTest@59662a0b]" started-at="2024-12-18T15:58:25 IST" name="bm" finished-at="2024-12-18T15:58:30 IST" duration-ms="4482" status="PASS">
          <reporter-output>
          </reporter-output>
        </test-method> <!-- bm -->
        <test-method signature="createOrganizationTest()[pri:0, instance:Organization.CreateOrganizationTest@59662a0b]" started-at="2024-12-18T15:58:30 IST" name="createOrganizationTest" finished-at="2024-12-18T15:58:42 IST" duration-ms="12320" status="PASS">
          <reporter-output>
          </reporter-output>
        </test-method> <!-- createOrganizationTest -->
        <test-method is-config="true" signature="am()[pri:0, instance:Organization.CreateOrganizationTest@59662a0b]" started-at="2024-12-18T15:58:42 IST" name="am" finished-at="2024-12-18T15:58:44 IST" duration-ms="2036" status="PASS">
          <reporter-output>
          </reporter-output>
        </test-method> <!-- am -->
        <test-method is-config="true" signature="ac()[pri:0, instance:Organization.CreateOrganizationTest@59662a0b]" started-at="2024-12-18T15:58:44 IST" name="ac" finished-at="2024-12-18T15:58:44 IST" duration-ms="136" status="PASS">
          <reporter-output>
          </reporter-output>
        </test-method> <!-- ac -->
      </class> <!-- Organization.CreateOrganizationTest -->
      <class name="Product.CreateProductTest">
        <test-method is-config="true" signature="bs()[pri:0, instance:Product.CreateProductTest@5c33f1a9]" started-at="2024-12-18T15:56:59 IST" name="bs" finished-at="2024-12-18T15:56:59 IST" duration-ms="22" status="PASS">
          <reporter-output>
          </reporter-output>
        </test-method> <!-- bs -->
        <test-method is-config="true" signature="bt()[pri:0, instance:Product.CreateProductTest@5c33f1a9]" started-at="2024-12-18T15:57:00 IST" name="bt" finished-at="2024-12-18T15:57:00 IST" duration-ms="0" status="PASS">
          <reporter-output>
          </reporter-output>
        </test-method> <!-- bt -->
        <test-method is-config="true" signature="bc()[pri:0, instance:Product.CreateProductTest@5c33f1a9]" started-at="2024-12-18T15:57:00 IST" name="bc" finished-at="2024-12-18T15:57:05 IST" duration-ms="5697" status="PASS">
          <reporter-output>
          </reporter-output>
        </test-method> <!-- bc -->
        <test-method is-config="true" signature="bm()[pri:0, instance:Product.CreateProductTest@5c33f1a9]" started-at="2024-12-18T15:57:05 IST" name="bm" finished-at="2024-12-18T15:57:10 IST" duration-ms="4973" status="PASS">
          <reporter-output>
          </reporter-output>
        </test-method> <!-- bm -->
        <test-method signature="createProductTest()[pri:0, instance:Product.CreateProductTest@5c33f1a9]" started-at="2024-12-18T15:57:10 IST" name="createProductTest" finished-at="2024-12-18T15:57:25 IST" duration-ms="14068" status="PASS">
          <reporter-output>
          </reporter-output>
        </test-method> <!-- createProductTest -->
        <test-method is-config="true" signature="am()[pri:0, instance:Product.CreateProductTest@5c33f1a9]" started-at="2024-12-18T15:57:25 IST" name="am" finished-at="2024-12-18T15:57:26 IST" duration-ms="1636" status="PASS">
          <reporter-output>
          </reporter-output>
        </test-method> <!-- am -->
        <test-method is-config="true" signature="ac()[pri:0, instance:Product.CreateProductTest@5c33f1a9]" started-at="2024-12-18T15:57:26 IST" name="ac" finished-at="2024-12-18T15:57:26 IST" duration-ms="226" status="PASS">
          <reporter-output>
          </reporter-output>
        </test-method> <!-- ac -->
        <test-method is-config="true" signature="at()[pri:0, instance:Product.CreateProductTest@5c33f1a9]" started-at="2024-12-18T15:58:44 IST" name="at" finished-at="2024-12-18T15:58:44 IST" duration-ms="0" status="PASS">
          <reporter-output>
          </reporter-output>
        </test-method> <!-- at -->
        <test-method is-config="true" signature="as()[pri:0, instance:Product.CreateProductTest@5c33f1a9]" started-at="2024-12-18T15:58:45 IST" name="as" finished-at="2024-12-18T15:58:45 IST" duration-ms="1" status="PASS">
          <reporter-output>
          </reporter-output>
        </test-method> <!-- as -->
      </class> <!-- Product.CreateProductTest -->
    </test> <!-- Test -->
  </suite> <!-- Suite -->
</testng-results>
